c:\users\josh\desktop\programming\krakenengine\intermediate\krakenexampleapp\x64\debug\vc141.pdb
c:\users\josh\desktop\programming\krakenengine\intermediate\krakenexampleapp\x64\debug\vc141.idb
c:\users\josh\desktop\programming\krakenengine\intermediate\krakenexampleapp\x64\debug\main.obj
c:\users\josh\desktop\programming\krakenengine\intermediate\krakenexampleapp\x64\debug\exampleapp.obj
c:\users\josh\desktop\programming\krakenengine\bin\x64\debug\krakenexampleapp.pdb
c:\users\josh\desktop\programming\krakenengine\intermediate\krakenexampleapp\x64\debug\krakenexampleapp.tlog\cl.command.1.tlog
c:\users\josh\desktop\programming\krakenengine\intermediate\krakenexampleapp\x64\debug\krakenexampleapp.tlog\cl.read.1.tlog
c:\users\josh\desktop\programming\krakenengine\intermediate\krakenexampleapp\x64\debug\krakenexampleapp.tlog\cl.write.1.tlog
c:\users\josh\desktop\programming\krakenengine\intermediate\krakenexampleapp\x64\debug\krakenexampleapp.tlog\link-cvtres.read.1.tlog
c:\users\josh\desktop\programming\krakenengine\intermediate\krakenexampleapp\x64\debug\krakenexampleapp.tlog\link-cvtres.write.1.tlog
c:\users\josh\desktop\programming\krakenengine\intermediate\krakenexampleapp\x64\debug\krakenexampleapp.tlog\link-rc.read.1.tlog
c:\users\josh\desktop\programming\krakenengine\intermediate\krakenexampleapp\x64\debug\krakenexampleapp.tlog\link-rc.write.1.tlog
c:\users\josh\desktop\programming\krakenengine\intermediate\krakenexampleapp\x64\debug\krakenexampleapp.tlog\link.42392-cvtres.read.1.tlog
c:\users\josh\desktop\programming\krakenengine\intermediate\krakenexampleapp\x64\debug\krakenexampleapp.tlog\link.42392-cvtres.write.1.tlog
c:\users\josh\desktop\programming\krakenengine\intermediate\krakenexampleapp\x64\debug\krakenexampleapp.tlog\link.42392-rc.read.1.tlog
c:\users\josh\desktop\programming\krakenengine\intermediate\krakenexampleapp\x64\debug\krakenexampleapp.tlog\link.42392-rc.write.1.tlog
c:\users\josh\desktop\programming\krakenengine\intermediate\krakenexampleapp\x64\debug\krakenexampleapp.tlog\link.42392.read.1.tlog
c:\users\josh\desktop\programming\krakenengine\intermediate\krakenexampleapp\x64\debug\krakenexampleapp.tlog\link.42392.write.1.tlog
c:\users\josh\desktop\programming\krakenengine\intermediate\krakenexampleapp\x64\debug\krakenexampleapp.tlog\link.command.1.tlog
c:\users\josh\desktop\programming\krakenengine\intermediate\krakenexampleapp\x64\debug\krakenexampleapp.tlog\link.read.1.tlog
c:\users\josh\desktop\programming\krakenengine\intermediate\krakenexampleapp\x64\debug\krakenexampleapp.tlog\link.write.1.tlog
