c:\users\joshua\desktop\programming\c++\kraken\x64\debug\vc142.pdb
c:\users\joshua\desktop\programming\c++\kraken\x64\debug\vc142.idb
c:\users\joshua\desktop\programming\c++\kraken\x64\debug\glad.obj
c:\users\joshua\desktop\programming\c++\kraken\x64\debug\main.obj
c:\users\joshua\desktop\programming\c++\kraken\x64\debug\kraken.pdb
c:\users\joshua\desktop\programming\c++\kraken\x64\debug\glad.nativecodeanalysis.xml
c:\users\joshua\desktop\programming\c++\kraken\x64\debug\main.nativecodeanalysis.xml
c:\users\joshua\desktop\programming\c++\kraken\x64\debug\vc.nativecodeanalysis.all.xml
c:\users\joshua\desktop\programming\c++\kraken\x64\debug\kraken.tlog\cl.command.1.tlog
c:\users\joshua\desktop\programming\c++\kraken\x64\debug\kraken.tlog\cl.read.1.tlog
c:\users\joshua\desktop\programming\c++\kraken\x64\debug\kraken.tlog\cl.write.1.tlog
c:\users\joshua\desktop\programming\c++\kraken\x64\debug\kraken.tlog\link-cvtres.read.1.tlog
c:\users\joshua\desktop\programming\c++\kraken\x64\debug\kraken.tlog\link-cvtres.write.1.tlog
c:\users\joshua\desktop\programming\c++\kraken\x64\debug\kraken.tlog\link-rc.read.1.tlog
c:\users\joshua\desktop\programming\c++\kraken\x64\debug\kraken.tlog\link-rc.write.1.tlog
c:\users\joshua\desktop\programming\c++\kraken\x64\debug\kraken.tlog\link.9228-cvtres.read.1.tlog
c:\users\joshua\desktop\programming\c++\kraken\x64\debug\kraken.tlog\link.9228-cvtres.write.1.tlog
c:\users\joshua\desktop\programming\c++\kraken\x64\debug\kraken.tlog\link.9228-rc.read.1.tlog
c:\users\joshua\desktop\programming\c++\kraken\x64\debug\kraken.tlog\link.9228-rc.write.1.tlog
c:\users\joshua\desktop\programming\c++\kraken\x64\debug\kraken.tlog\link.9228.read.1.tlog
c:\users\joshua\desktop\programming\c++\kraken\x64\debug\kraken.tlog\link.9228.write.1.tlog
c:\users\joshua\desktop\programming\c++\kraken\x64\debug\kraken.tlog\link.command.1.tlog
c:\users\joshua\desktop\programming\c++\kraken\x64\debug\kraken.tlog\link.read.1.tlog
c:\users\joshua\desktop\programming\c++\kraken\x64\debug\kraken.tlog\link.write.1.tlog
